android/app/build/intermediates/manifest_merge_blame_file/debug/manifest-merger-blame-debug-report.txt
1<?xml version="1.0" encoding="utf-8"?>
2<manifest xmlns:android="http://schemas.android.com/apk/res/android"
3    package="com.spectoble"
4    android:versionCode="1"
5    android:versionName="1.0" >
6
7    <uses-sdk
8        android:minSdkVersion="30"
9        android:targetSdkVersion="34" />
10
11    <uses-permission android:name="android.permission.INTERNET" />
11-->src/main/AndroidManifest.xml:3:5-67
11-->src/main/AndroidManifest.xml:3:22-64
12    <uses-permission
12-->src/main/AndroidManifest.xml:5:5-6:47
13        android:name="android.permission.BLUETOOTH"
13-->src/main/AndroidManifest.xml:5:22-65
14        android:maxSdkVersion="30" />
14-->src/main/AndroidManifest.xml:6:18-44
15    <uses-permission
15-->src/main/AndroidManifest.xml:7:1-8:47
16        android:name="android.permission.BLUETOOTH_ADMIN"
16-->src/main/AndroidManifest.xml:7:18-67
17        android:maxSdkVersion="30" />
17-->src/main/AndroidManifest.xml:8:18-44
18    <!--
19 Needed only if your app looks for Bluetooth devices.
20     If your app doesn't use Bluetooth scan results to derive physical
21     location information, you can strongly assert that your app
22     doesn't derive physical location.
23    -->
24    <uses-permission android:name="android.permission.BLUETOOTH_SCAN" />
24-->src/main/AndroidManifest.xml:14:1-69
24-->src/main/AndroidManifest.xml:14:18-66
25    <!--
26 Needed only if your app makes the device discoverable to Bluetooth
27     devices.
28    -->
29    <uses-permission android:name="android.permission.BLUETOOTH_ADVERTISE" />
29-->src/main/AndroidManifest.xml:18:1-74
29-->src/main/AndroidManifest.xml:18:18-71
30    <!--
31 Needed only if your app communicates with already-paired Bluetooth
32     devices.
33    -->
34    <uses-permission android:name="android.permission.BLUETOOTH_CONNECT" /> <!-- Needed only if your app uses Bluetooth scan results to derive physical location. -->
34-->src/main/AndroidManifest.xml:22:1-72
34-->src/main/AndroidManifest.xml:22:18-69
35    <uses-permission android:name="android.permission.ACCESS_FINE_LOCATION" />
35-->src/main/AndroidManifest.xml:25:1-75
35-->src/main/AndroidManifest.xml:25:18-72
36    <uses-permission android:name="android.permission.ACCESS_COARSE_LOCATION" />
36-->[:react-native-ble-manager] AndroidManifest.xml:9:5-81
36-->[:react-native-ble-manager] AndroidManifest.xml:9:22-78
37
38    <uses-feature
38-->[:react-native-ble-manager] AndroidManifest.xml:11:5-13:36
39        android:name="android.hardware.bluetooth_le"
39-->[:react-native-ble-manager] AndroidManifest.xml:12:9-53
40        android:required="false" />
40-->[:react-native-ble-manager] AndroidManifest.xml:13:9-33
41    <!--
42    This manifest file is used only by Gradle to configure debug-only capabilities
43    for React Native Apps.
44    -->
45    <uses-permission android:name="android.permission.SYSTEM_ALERT_WINDOW" />
45-->[com.facebook.react:react-android:0.73.7] AndroidManifest.xml:16:5-78
45-->[com.facebook.react:react-android:0.73.7] AndroidManifest.xml:16:22-75
46    <uses-permission android:name="android.permission.ACCESS_WIFI_STATE" />
46-->[com.facebook.flipper:flipper:0.201.0] AndroidManifest.xml:14:5-76
46-->[com.facebook.flipper:flipper:0.201.0] AndroidManifest.xml:14:22-73
47
48    <permission
48-->[androidx.core:core:1.9.0] AndroidManifest.xml:22:5-24:47
49        android:name="com.spectoble.DYNAMIC_RECEIVER_NOT_EXPORTED_PERMISSION"
49-->[androidx.core:core:1.9.0] AndroidManifest.xml:23:9-81
50        android:protectionLevel="signature" />
50-->[androidx.core:core:1.9.0] AndroidManifest.xml:24:9-44
51
52    <uses-permission android:name="com.spectoble.DYNAMIC_RECEIVER_NOT_EXPORTED_PERMISSION" />
52-->[androidx.core:core:1.9.0] AndroidManifest.xml:26:5-97
52-->[androidx.core:core:1.9.0] AndroidManifest.xml:26:22-94
53
54    <application
54-->src/main/AndroidManifest.xml:27:5-46:19
55        android:name="com.spectoble.MainApplication"
55-->src/main/AndroidManifest.xml:28:7-38
56        android:allowBackup="false"
56-->src/main/AndroidManifest.xml:32:7-34
57        android:appComponentFactory="androidx.core.app.CoreComponentFactory"
57-->[androidx.core:core:1.9.0] AndroidManifest.xml:28:18-86
58        android:debuggable="true"
59        android:extractNativeLibs="false"
60        android:icon="@mipmap/ic_launcher"
60-->src/main/AndroidManifest.xml:30:7-41
61        android:label="@string/app_name"
61-->src/main/AndroidManifest.xml:29:7-39
62        android:roundIcon="@mipmap/ic_launcher_round"
62-->src/main/AndroidManifest.xml:31:7-52
63        android:theme="@style/AppTheme"
63-->src/main/AndroidManifest.xml:33:7-38
64        android:usesCleartextTraffic="true" >
64-->src/debug/AndroidManifest.xml:6:9-44
65        <activity
65-->src/main/AndroidManifest.xml:34:7-45:18
66            android:name="com.spectoble.MainActivity"
66-->src/main/AndroidManifest.xml:35:9-37
67            android:configChanges="keyboard|keyboardHidden|orientation|screenLayout|screenSize|smallestScreenSize|uiMode"
67-->src/main/AndroidManifest.xml:37:9-118
68            android:exported="true"
68-->src/main/AndroidManifest.xml:40:9-32
69            android:label="@string/app_name"
69-->src/main/AndroidManifest.xml:36:9-41
70            android:launchMode="singleTask"
70-->src/main/AndroidManifest.xml:38:9-40
71            android:windowSoftInputMode="adjustResize" >
71-->src/main/AndroidManifest.xml:39:9-51
72            <intent-filter>
72-->src/main/AndroidManifest.xml:41:9-44:25
73                <action android:name="android.intent.action.MAIN" />
73-->src/main/AndroidManifest.xml:42:13-65
73-->src/main/AndroidManifest.xml:42:21-62
74
75                <category android:name="android.intent.category.LAUNCHER" />
75-->src/main/AndroidManifest.xml:43:13-73
75-->src/main/AndroidManifest.xml:43:23-70
76            </intent-filter>
77        </activity>
78        <activity
78-->[com.facebook.react:react-android:0.73.7] AndroidManifest.xml:19:9-21:40
79            android:name="com.facebook.react.devsupport.DevSettingsActivity"
79-->[com.facebook.react:react-android:0.73.7] AndroidManifest.xml:20:13-77
80            android:exported="false" />
80-->[com.facebook.react:react-android:0.73.7] AndroidManifest.xml:21:13-37
81
82        <provider
82-->[androidx.emoji2:emoji2:1.2.0] AndroidManifest.xml:24:9-32:20
83            android:name="androidx.startup.InitializationProvider"
83-->[androidx.emoji2:emoji2:1.2.0] AndroidManifest.xml:25:13-67
84            android:authorities="com.spectoble.androidx-startup"
84-->[androidx.emoji2:emoji2:1.2.0] AndroidManifest.xml:26:13-68
85            android:exported="false" >
85-->[androidx.emoji2:emoji2:1.2.0] AndroidManifest.xml:27:13-37
86            <meta-data
86-->[androidx.emoji2:emoji2:1.2.0] AndroidManifest.xml:29:13-31:52
87                android:name="androidx.emoji2.text.EmojiCompatInitializer"
87-->[androidx.emoji2:emoji2:1.2.0] AndroidManifest.xml:30:17-75
88                android:value="androidx.startup" />
88-->[androidx.emoji2:emoji2:1.2.0] AndroidManifest.xml:31:17-49
89            <meta-data
89-->[androidx.lifecycle:lifecycle-process:2.4.1] AndroidManifest.xml:31:13-33:52
90                android:name="androidx.lifecycle.ProcessLifecycleInitializer"
90-->[androidx.lifecycle:lifecycle-process:2.4.1] AndroidManifest.xml:32:17-78
91                android:value="androidx.startup" />
91-->[androidx.lifecycle:lifecycle-process:2.4.1] AndroidManifest.xml:33:17-49
92        </provider>
93
94        <meta-data
94-->[com.facebook.soloader:soloader:0.10.5] AndroidManifest.xml:12:9-14:37
95            android:name="com.facebook.soloader.enabled"
95-->[com.facebook.soloader:soloader:0.10.5] AndroidManifest.xml:13:13-57
96            android:value="false" />
96-->[com.facebook.soloader:soloader:0.10.5] AndroidManifest.xml:14:13-34
97    </application>
98
99</manifest>